<?xml version="1.0" encoding="UTF-8"?>
<!-- Generated by org.testng.reporters.JUnitXMLReporter -->
<testsuite ignored="0" hostname="DESKTOP-DK5G2OH" failures="0" tests="7" name="Test_manual" time="17.537" errors="0" timestamp="2025-12-02T08:37:11 IST">
  <testcase classname="Day_42.Relias" name="OpenApp" time="9.423"/>
  <testcase classname="Day_42.Relias" name="TestLogo" time="0.039"/>
  <testcase classname="Day_42.Relias" name="Login" time="7.871"/>
  <testcase classname="Day_42.Relias" name="Logout" time="0.159"/>
  <testcase classname="Day_42.FirstAnnotationExample" name="openapp" time="0.0"/>
  <testcase classname="Day_42.FirstAnnotationExample" name="login" time="0.001"/>
  <testcase classname="Day_42.FirstAnnotationExample" name="logout" time="0.001"/>
</testsuite> <!-- Test_manual -->
