<?xml version="1.0" encoding="UTF-8"?>
<!-- Generated by org.testng.reporters.JUnitXMLReporter -->
<testsuite ignored="0" hostname="DESKTOP-DK5G2OH" failures="0" tests="3" name="ChromeTest" time="10.803" errors="0" timestamp="2026-03-02T00:24:39 IST">
  <testcase classname="Day_45.SerialExecution" name="LogoTest" time="0.1"/>
  <testcase classname="Day_45.SerialExecution" name="TitleTest" time="0.022"/>
  <testcase classname="Day_45.SerialExecution" name="UrlTest" time="0.016"/>
</testsuite> <!-- ChromeTest -->
