<?xml version="1.0" encoding="UTF-8"?>
<!-- Generated by org.testng.reporters.JUnitXMLReporter -->
<testsuite ignored="0" hostname="DESKTOP-DK5G2OH" failures="0" tests="3" name="EdgeTest" time="22.354" errors="0" timestamp="2026-03-02T00:25:01 IST">
  <testcase classname="Day_45.SerialExecution" name="LogoTest" time="0.05"/>
  <testcase classname="Day_45.SerialExecution" name="TitleTest" time="0.016"/>
  <testcase classname="Day_45.SerialExecution" name="UrlTest" time="0.017"/>
</testsuite> <!-- EdgeTest -->
