<?xml version="1.0" encoding="UTF-8"?>
<!-- Generated by org.testng.reporters.JUnitXMLReporter -->
<testsuite ignored="5" hostname="DESKTOP-DK5G2OH" failures="0" tests="3" name="Test" time="0.047" errors="0" timestamp="2026-05-29T09:29:50 IST">
  <testcase classname="Day_44.Grouping.LoginTest" name="EmailLogin" time="0.009"/>
  <testcase classname="Day_44.Grouping.LoginTest" name="FacebookLogin" time="0.002"/>
  <testcase classname="Day_44.Grouping.LoginTest" name="TwitterLogin" time="0.001"/>
  <testcase classname="Day_44.Grouping.SignUp" name="TwitterSignUp" time="0.0">
    <ignored/>
  </testcase> <!-- TwitterSignUp -->
  <testcase classname="Day_44.Grouping.Payment" name="Dollars" time="0.0">
    <ignored/>
  </testcase> <!-- Dollars -->
  <testcase classname="Day_44.Grouping.Payment" name="Cash" time="0.0">
    <ignored/>
  </testcase> <!-- Cash -->
  <testcase classname="Day_44.Grouping.SignUp" name="FacebookSignUp" time="0.0">
    <ignored/>
  </testcase> <!-- FacebookSignUp -->
  <testcase classname="Day_44.Grouping.SignUp" name="EmailSignUp" time="0.0">
    <ignored/>
  </testcase> <!-- EmailSignUp -->
</testsuite> <!-- Test -->
