<?xml version="1.0" encoding="UTF-8"?>
<!-- Generated by org.testng.reporters.JUnitXMLReporter -->
<testsuite ignored="0" hostname="DESKTOP-DK5G2OH" failures="0" tests="4" name="Test_manual" time="10.276" errors="0" timestamp="2025-12-01T13:09:21 IST">
  <testcase classname="Day_42.Relias" name="OpenApp" time="4.358"/>
  <testcase classname="Day_42.Relias" name="TestLogo" time="0.049"/>
  <testcase classname="Day_42.Relias" name="Login" time="5.694"/>
  <testcase classname="Day_42.Relias" name="Logout" time="0.132"/>
</testsuite> <!-- Test_manual -->
