<?xml version="1.0" encoding="UTF-8"?>
<testng-results ignored="0" total="1" passed="1" failed="0" skipped="0">
  <reporter-output>
  </reporter-output>
  <suite started-at="2026-05-31T07:52:58 IST" name="Default suite" finished-at="2026-05-31T07:53:11 IST" duration-ms="12796">
    <groups>
    </groups>
    <test started-at="2026-05-31T07:52:58 IST" name="Default test" finished-at="2026-05-31T07:53:11 IST" duration-ms="12796">
      <class name="Day_47.Login">
        <test-method is-config="true" signature="Setup()[pri:0, instance:Day_47.Login@6aba2b86]" started-at="2026-05-31T07:52:58 IST" name="Setup" finished-at="2026-05-31T07:53:10 IST" duration-ms="11999" status="PASS">
          <reporter-output>
          </reporter-output>
        </test-method> <!-- Setup -->
        <test-method signature="login()[pri:0, instance:Day_47.Login@6aba2b86]" started-at="2026-05-31T07:53:10 IST" name="login" finished-at="2026-05-31T07:53:11 IST" duration-ms="422" status="PASS">
          <reporter-output>
          </reporter-output>
        </test-method> <!-- login -->
        <test-method is-config="true" signature="logout()[pri:0, instance:Day_47.Login@6aba2b86]" started-at="2026-05-31T07:53:11 IST" name="logout" finished-at="2026-05-31T07:53:11 IST" duration-ms="292" status="PASS">
          <reporter-output>
          </reporter-output>
        </test-method> <!-- logout -->
      </class> <!-- Day_47.Login -->
    </test> <!-- Default test -->
  </suite> <!-- Default suite -->
</testng-results>
