<?xml version="1.0" encoding="UTF-8"?>
<testng-results ignored="0" total="6" passed="6" failed="0" skipped="0">
  <reporter-output>
  </reporter-output>
  <suite started-at="2026-03-02T00:24:28 IST" name="Suite" finished-at="2026-03-02T00:25:01 IST" duration-ms="33218">
    <groups>
    </groups>
    <test started-at="2026-03-02T00:24:28 IST" name="ChromeTest" finished-at="2026-03-02T00:24:39 IST" duration-ms="10803">
      <class name="Day_45.SerialExecution">
        <test-method is-config="true" signature="LoginSetUp(java.lang.String)[pri:0, instance:Day_45.SerialExecution@4567f35d]" started-at="2026-03-02T00:24:28 IST" name="LoginSetUp" finished-at="2026-03-02T00:24:39 IST" duration-ms="10297" status="PASS">
          <params>
            <param index="0">
              <value>
                <![CDATA[chrome]]>
              </value>
            </param>
          </params>
          <reporter-output>
          </reporter-output>
        </test-method> <!-- LoginSetUp -->
        <test-method signature="LogoTest()[pri:0, instance:Day_45.SerialExecution@4567f35d]" started-at="2026-03-02T00:24:39 IST" name="LogoTest" finished-at="2026-03-02T00:24:39 IST" duration-ms="100" status="PASS">
          <reporter-output>
          </reporter-output>
        </test-method> <!-- LogoTest -->
        <test-method signature="TitleTest()[pri:0, instance:Day_45.SerialExecution@4567f35d]" started-at="2026-03-02T00:24:39 IST" name="TitleTest" finished-at="2026-03-02T00:24:39 IST" duration-ms="22" status="PASS">
          <reporter-output>
          </reporter-output>
        </test-method> <!-- TitleTest -->
        <test-method signature="UrlTest()[pri:0, instance:Day_45.SerialExecution@4567f35d]" started-at="2026-03-02T00:24:39 IST" name="UrlTest" finished-at="2026-03-02T00:24:39 IST" duration-ms="16" status="PASS">
          <reporter-output>
          </reporter-output>
        </test-method> <!-- UrlTest -->
        <test-method is-config="true" signature="TearDown()[pri:0, instance:Day_45.SerialExecution@4567f35d]" started-at="2026-03-02T00:24:39 IST" name="TearDown" finished-at="2026-03-02T00:24:39 IST" duration-ms="292" status="PASS">
          <reporter-output>
          </reporter-output>
        </test-method> <!-- TearDown -->
      </class> <!-- Day_45.SerialExecution -->
    </test> <!-- ChromeTest -->
    <test started-at="2026-03-02T00:24:39 IST" name="EdgeTest" finished-at="2026-03-02T00:25:01 IST" duration-ms="22354">
      <class name="Day_45.SerialExecution">
        <test-method is-config="true" signature="LoginSetUp(java.lang.String)[pri:0, instance:Day_45.SerialExecution@1a482e36]" started-at="2026-03-02T00:24:39 IST" name="LoginSetUp" finished-at="2026-03-02T00:25:01 IST" duration-ms="21833" status="PASS">
          <params>
            <param index="0">
              <value>
                <![CDATA[edge]]>
              </value>
            </param>
          </params>
          <reporter-output>
          </reporter-output>
        </test-method> <!-- LoginSetUp -->
        <test-method signature="LogoTest()[pri:0, instance:Day_45.SerialExecution@1a482e36]" started-at="2026-03-02T00:25:01 IST" name="LogoTest" finished-at="2026-03-02T00:25:01 IST" duration-ms="50" status="PASS">
          <reporter-output>
          </reporter-output>
        </test-method> <!-- LogoTest -->
        <test-method signature="TitleTest()[pri:0, instance:Day_45.SerialExecution@1a482e36]" started-at="2026-03-02T00:25:01 IST" name="TitleTest" finished-at="2026-03-02T00:25:01 IST" duration-ms="16" status="PASS">
          <reporter-output>
          </reporter-output>
        </test-method> <!-- TitleTest -->
        <test-method signature="UrlTest()[pri:0, instance:Day_45.SerialExecution@1a482e36]" started-at="2026-03-02T00:25:01 IST" name="UrlTest" finished-at="2026-03-02T00:25:01 IST" duration-ms="17" status="PASS">
          <reporter-output>
          </reporter-output>
        </test-method> <!-- UrlTest -->
        <test-method is-config="true" signature="TearDown()[pri:0, instance:Day_45.SerialExecution@1a482e36]" started-at="2026-03-02T00:25:01 IST" name="TearDown" finished-at="2026-03-02T00:25:01 IST" duration-ms="405" status="PASS">
          <reporter-output>
          </reporter-output>
        </test-method> <!-- TearDown -->
      </class> <!-- Day_45.SerialExecution -->
    </test> <!-- EdgeTest -->
  </suite> <!-- Suite -->
</testng-results>
