<?xml version="1.0" encoding="UTF-8"?>
<!-- Generated by org.testng.reporters.JUnitReportReporter -->
<testsuite hostname="DESKTOP-DK5G2OH" failures="0" tests="5" name="Day_44.DependsMethod" time="0.036" errors="0" timestamp="2026-03-01T23:30:10 IST" skipped="0">
  <testcase classname="Day_44.DependsMethod" name="login" time="0.004"/>
  <testcase classname="Day_44.DependsMethod" name="logout" time="0.021"/>
  <testcase classname="Day_44.DependsMethod" name="search" time="0.002"/>
  <testcase classname="Day_44.DependsMethod" name="adv_search" time="0.007"/>
  <testcase classname="Day_44.DependsMethod" name="openapp" time="0.002"/>
</testsuite> <!-- Day_44.DependsMethod -->
