<?xml version="1.0" encoding="UTF-8"?>
<!-- Generated by org.testng.reporters.JUnitReportReporter -->
<testsuite hostname="DESKTOP-DK5G2OH" failures="0" tests="3" name="Day_44.Grouping.LoginTest" time="0.018" errors="0" timestamp="2026-03-01T23:41:44 IST" skipped="0">
  <testcase classname="Day_44.Grouping.LoginTest" name="EmailLogin" time="0.013"/>
  <testcase classname="Day_44.Grouping.LoginTest" name="FacebookLogin" time="0.002"/>
  <testcase classname="Day_44.Grouping.LoginTest" name="TwitterLogin" time="0.003"/>
</testsuite> <!-- Day_44.Grouping.LoginTest -->
