<?xml version="1.0" encoding="UTF-8"?>
<!-- Generated by org.testng.reporters.JUnitReportReporter -->
<testsuite hostname="DESKTOP-DK5G2OH" failures="0" tests="6" name="Day_45.ParallelExecution" time="0.304" errors="0" timestamp="2026-03-02T00:17:19 IST" skipped="0">
  <testcase classname="Day_45.ParallelExecution" name="LogoTest" time="0.107"/>
  <testcase classname="Day_45.ParallelExecution" name="UrlTest" time="0.019"/>
  <testcase classname="Day_45.ParallelExecution" name="LogoTest" time="0.097"/>
  <testcase classname="Day_45.ParallelExecution" name="TitleTest" time="0.023"/>
  <testcase classname="Day_45.ParallelExecution" name="TitleTest" time="0.026"/>
  <testcase classname="Day_45.ParallelExecution" name="UrlTest" time="0.032"/>
</testsuite> <!-- Day_45.ParallelExecution -->
