<?xml version="1.0" encoding="UTF-8"?>
<!-- Generated by org.testng.reporters.JUnitReportReporter -->
<testsuite hostname="DESKTOP-DK5G2OH" failures="0" tests="2" name="Day_43.BeforeMethods_AfterMethods" time="0.015" errors="0" timestamp="2025-12-02T17:39:10 IST" skipped="0">
  <testcase classname="Day_43.BeforeMethods_AfterMethods" name="Search" time="0.012"/>
  <testcase classname="Day_43.BeforeMethods_AfterMethods" name="Adv_Search" time="0.003"/>
</testsuite> <!-- Day_43.BeforeMethods_AfterMethods -->
