<?xml version="1.0" encoding="UTF-8"?>
<!-- Generated by org.testng.reporters.JUnitReportReporter -->
<testsuite hostname="DESKTOP-DK5G2OH" failures="0" tests="3" name="Day_43.FirstAnnotationExample" time="0.015" errors="0" timestamp="2025-11-28T09:21:32 IST" skipped="0">
  <testcase classname="Day_43.FirstAnnotationExample" name="openapp" time="0.010"/>
  <testcase classname="Day_43.FirstAnnotationExample" name="login" time="0.002"/>
  <testcase classname="Day_43.FirstAnnotationExample" name="logout" time="0.003"/>
</testsuite> <!-- Day_43.FirstAnnotationExample -->
