<?xml version="1.0" encoding="UTF-8"?>
<!-- Generated by org.testng.reporters.JUnitReportReporter -->
<testsuite hostname="DESKTOP-DK5G2OH" failures="0" tests="4" name="Day_42.Relias" time="31.121" errors="0" timestamp="2026-05-29T08:25:14 IST" skipped="0">
  <testcase classname="Day_42.Relias" name="OpenApp" time="14.797"/>
  <testcase classname="Day_42.Relias" name="TestLogo" time="0.055"/>
  <testcase classname="Day_42.Relias" name="Login" time="16.076"/>
  <testcase classname="Day_42.Relias" name="Logout" time="0.193"/>
</testsuite> <!-- Day_42.Relias -->
