<?xml version="1.0" encoding="UTF-8"?>
<!-- Generated by org.testng.reporters.JUnitReportReporter -->
<testsuite hostname="DESKTOP-DK5G2OH" failures="0" tests="3" name="Day_42.FirstAnnotationExample" time="0.016" errors="0" timestamp="2026-05-29T08:23:37 IST" skipped="0">
  <testcase classname="Day_42.FirstAnnotationExample" name="logout" time="0.013"/>
  <testcase classname="Day_42.FirstAnnotationExample" name="openapp" time="0.002"/>
  <testcase classname="Day_42.FirstAnnotationExample" name="login" time="0.001"/>
</testsuite> <!-- Day_42.FirstAnnotationExample -->
