<?xml version="1.0" encoding="UTF-8"?>
<!-- Generated by org.testng.reporters.JUnitReportReporter -->
<testsuite hostname="DESKTOP-DK5G2OH" failures="0" tests="6" name="Day_45.SerialExecution" time="0.221" errors="0" timestamp="2026-03-02T00:25:02 IST" skipped="0">
  <testcase classname="Day_45.SerialExecution" name="UrlTest" time="0.017"/>
  <testcase classname="Day_45.SerialExecution" name="TitleTest" time="0.022"/>
  <testcase classname="Day_45.SerialExecution" name="LogoTest" time="0.050"/>
  <testcase classname="Day_45.SerialExecution" name="UrlTest" time="0.016"/>
  <testcase classname="Day_45.SerialExecution" name="LogoTest" time="0.100"/>
  <testcase classname="Day_45.SerialExecution" name="TitleTest" time="0.016"/>
</testsuite> <!-- Day_45.SerialExecution -->
