<?xml version="1.0" encoding="UTF-8"?>
<!-- Generated by org.testng.reporters.JUnitReportReporter -->
<testsuite hostname="DESKTOP-DK5G2OH" failures="0" tests="4" name="Day_42.Relias" time="17.492" errors="0" timestamp="2025-12-02T08:37:12 IST" skipped="0">
  <testcase classname="Day_42.Relias" name="OpenApp" time="9.423"/>
  <testcase classname="Day_42.Relias" name="TestLogo" time="0.039"/>
  <testcase classname="Day_42.Relias" name="Login" time="7.871"/>
  <testcase classname="Day_42.Relias" name="Logout" time="0.159"/>
</testsuite> <!-- Day_42.Relias -->
