<?xml version="1.0" encoding="UTF-8"?>
<!-- Generated by org.testng.reporters.JUnitReportReporter -->
<testsuite hostname="DESKTOP-DK5G2OH" failures="0" tests="3" name="Day_45.ParallelBrowser" time="0.079" errors="0" timestamp="2025-12-15T15:25:26 IST" skipped="0">
  <testcase classname="Day_45.ParallelBrowser" name="UrlTest" time="0.000"/>
  <testcase classname="Day_45.ParallelBrowser" name="LogoTest" time="0.067"/>
  <testcase classname="Day_45.ParallelBrowser" name="TitleTest" time="0.012"/>
</testsuite> <!-- Day_45.ParallelBrowser -->
